  Game.cpp
  VikOut.vcxproj -> C:\Users\Windows 10\Documents\GitHub\Repo\VikOut\VikOut\bin\Debug\VikOut.exe
  C:\Users\Windows 10\Documents\GitHub\Repo\VikOut\VikOut\lib\sigil\dll\glew32.dll
  C:\Users\Windows 10\Documents\GitHub\Repo\VikOut\VikOut\lib\sigil\dll\OpenAL32.dll
  C:\Users\Windows 10\Documents\GitHub\Repo\VikOut\VikOut\lib\sigil\dll\sigil.dll
  C:\Users\Windows 10\Documents\GitHub\Repo\VikOut\VikOut\lib\sigil\dll\wrap_oal.dll
  4 archivo(s) copiado(s)
  C:\Users\Windows 10\Documents\GitHub\Repo\VikOut\VikOut\VikOut\assets\jungle\euphorigenic.ttf
  C:\Users\Windows 10\Documents\GitHub\Repo\VikOut\VikOut\VikOut\assets\jungle\AI\btn.ai
  C:\Users\Windows 10\Documents\GitHub\Repo\VikOut\VikOut\VikOut\assets\jungle\AI\bubble.ai
  C:\Users\Windows 10\Documents\GitHub\Repo\VikOut\VikOut\VikOut\assets\jungle\AI\clouds.ai
  C:\Users\Windows 10\Documents\GitHub\Repo\VikOut\VikOut\VikOut\assets\jungle\AI\level_select.ai
  C:\Users\Windows 10\Documents\GitHub\Repo\VikOut\VikOut\VikOut\assets\jungle\AI\load_bar.ai
  C:\Users\Windows 10\Documents\GitHub\Repo\VikOut\VikOut\VikOut\assets\jungle\AI\match3.ai
  C:\Users\Windows 10\Documents\GitHub\Repo\VikOut\VikOut\VikOut\assets\jungle\AI\menu.ai
  C:\Users\Windows 10\Documents\GitHub\Repo\VikOut\VikOut\VikOut\assets\jungle\AI\pause.ai
  C:\Users\Windows 10\Documents\GitHub\Repo\VikOut\VikOut\VikOut\assets\jungle\AI\rating.ai
  C:\Users\Windows 10\Documents\GitHub\Repo\VikOut\VikOut\VikOut\assets\jungle\AI\settings.ai
  C:\Users\Windows 10\Documents\GitHub\Repo\VikOut\VikOut\VikOut\assets\jungle\AI\shop.ai
  C:\Users\Windows 10\Documents\GitHub\Repo\VikOut\VikOut\VikOut\assets\jungle\AI\upgrade.ai
  C:\Users\Windows 10\Documents\GitHub\Repo\VikOut\VikOut\VikOut\assets\jungle\AI\you_lose.ai
  C:\Users\Windows 10\Documents\GitHub\Repo\VikOut\VikOut\VikOut\assets\jungle\AI\you_win.ai
  C:\Users\Windows 10\Documents\GitHub\Repo\VikOut\VikOut\VikOut\assets\jungle\EPS\btn.eps
  C:\Users\Windows 10\Documents\GitHub\Repo\VikOut\VikOut\VikOut\assets\jungle\EPS\bubble.eps
  C:\Users\Windows 10\Documents\GitHub\Repo\VikOut\VikOut\VikOut\assets\jungle\EPS\clouds.eps
  C:\Users\Windows 10\Documents\GitHub\Repo\VikOut\VikOut\VikOut\assets\jungle\EPS\level_select.eps
  C:\Users\Windows 10\Documents\GitHub\Repo\VikOut\VikOut\VikOut\assets\jungle\EPS\load_bar.eps
  C:\Users\Windows 10\Documents\GitHub\Repo\VikOut\VikOut\VikOut\assets\jungle\EPS\match3.eps
  C:\Users\Windows 10\Documents\GitHub\Repo\VikOut\VikOut\VikOut\assets\jungle\EPS\menu.eps
  C:\Users\Windows 10\Documents\GitHub\Repo\VikOut\VikOut\VikOut\assets\jungle\EPS\pause.eps
  C:\Users\Windows 10\Documents\GitHub\Repo\VikOut\VikOut\VikOut\assets\jungle\EPS\rating.eps
  C:\Users\Windows 10\Documents\GitHub\Repo\VikOut\VikOut\VikOut\assets\jungle\EPS\settings.eps
  C:\Users\Windows 10\Documents\GitHub\Repo\VikOut\VikOut\VikOut\assets\jungle\EPS\shop.eps
  C:\Users\Windows 10\Documents\GitHub\Repo\VikOut\VikOut\VikOut\assets\jungle\EPS\upgrade.eps
  C:\Users\Windows 10\Documents\GitHub\Repo\VikOut\VikOut\VikOut\assets\jungle\EPS\you_lose.eps
  C:\Users\Windows 10\Documents\GitHub\Repo\VikOut\VikOut\VikOut\assets\jungle\EPS\you_win.eps
  C:\Users\Windows 10\Documents\GitHub\Repo\VikOut\VikOut\VikOut\assets\jungle\PNG\btn\01.png
  C:\Users\Windows 10\Documents\GitHub\Repo\VikOut\VikOut\VikOut\assets\jungle\PNG\btn\about.png
  C:\Users\Windows 10\Documents\GitHub\Repo\VikOut\VikOut\VikOut\assets\jungle\PNG\btn\close.png
  C:\Users\Windows 10\Documents\GitHub\Repo\VikOut\VikOut\VikOut\assets\jungle\PNG\btn\close_2.png
  C:\Users\Windows 10\Documents\GitHub\Repo\VikOut\VikOut\VikOut\assets\jungle\PNG\btn\faq.png
  C:\Users\Windows 10\Documents\GitHub\Repo\VikOut\VikOut\VikOut\assets\jungle\PNG\btn\leader.png
  C:\Users\Windows 10\Documents\GitHub\Repo\VikOut\VikOut\VikOut\assets\jungle\PNG\btn\menu.png
  C:\Users\Windows 10\Documents\GitHub\Repo\VikOut\VikOut\VikOut\assets\jungle\PNG\btn\misic.png
  C:\Users\Windows 10\Documents\GitHub\Repo\VikOut\VikOut\VikOut\assets\jungle\PNG\btn\music_off.png
  C:\Users\Windows 10\Documents\GitHub\Repo\VikOut\VikOut\VikOut\assets\jungle\PNG\btn\next.png
  C:\Users\Windows 10\Documents\GitHub\Repo\VikOut\VikOut\VikOut\assets\jungle\PNG\btn\ok.png
  C:\Users\Windows 10\Documents\GitHub\Repo\VikOut\VikOut\VikOut\assets\jungle\PNG\btn\pause.png
  C:\Users\Windows 10\Documents\GitHub\Repo\VikOut\VikOut\VikOut\assets\jungle\PNG\btn\play.png
  C:\Users\Windows 10\Documents\GitHub\Repo\VikOut\VikOut\VikOut\assets\jungle\PNG\btn\prew.png
  C:\Users\Windows 10\Documents\GitHub\Repo\VikOut\VikOut\VikOut\assets\jungle\PNG\btn\prize.png
  C:\Users\Windows 10\Documents\GitHub\Repo\VikOut\VikOut\VikOut\assets\jungle\PNG\btn\restart.png
  C:\Users\Windows 10\Documents\GitHub\Repo\VikOut\VikOut\VikOut\assets\jungle\PNG\btn\settings.png
  C:\Users\Windows 10\Documents\GitHub\Repo\VikOut\VikOut\VikOut\assets\jungle\PNG\btn\shop.png
  C:\Users\Windows 10\Documents\GitHub\Repo\VikOut\VikOut\VikOut\assets\jungle\PNG\btn\sound.png
  C:\Users\Windows 10\Documents\GitHub\Repo\VikOut\VikOut\VikOut\assets\jungle\PNG\btn\sound_off.png
  C:\Users\Windows 10\Documents\GitHub\Repo\VikOut\VikOut\VikOut\assets\jungle\PNG\btn\upgrade.png
  C:\Users\Windows 10\Documents\GitHub\Repo\VikOut\VikOut\VikOut\assets\jungle\PNG\bubble\0.png
  C:\Users\Windows 10\Documents\GitHub\Repo\VikOut\VikOut\VikOut\assets\jungle\PNG\bubble\1.png
  C:\Users\Windows 10\Documents\GitHub\Repo\VikOut\VikOut\VikOut\assets\jungle\PNG\bubble\2.png
  C:\Users\Windows 10\Documents\GitHub\Repo\VikOut\VikOut\VikOut\assets\jungle\PNG\bubble\3.png
  C:\Users\Windows 10\Documents\GitHub\Repo\VikOut\VikOut\VikOut\assets\jungle\PNG\bubble\4.png
  C:\Users\Windows 10\Documents\GitHub\Repo\VikOut\VikOut\VikOut\assets\jungle\PNG\bubble\5.png
  C:\Users\Windows 10\Documents\GitHub\Repo\VikOut\VikOut\VikOut\assets\jungle\PNG\bubble\6.png
  C:\Users\Windows 10\Documents\GitHub\Repo\VikOut\VikOut\VikOut\assets\jungle\PNG\bubble\7.png
  C:\Users\Windows 10\Documents\GitHub\Repo\VikOut\VikOut\VikOut\assets\jungle\PNG\bubble\8.png
  C:\Users\Windows 10\Documents\GitHub\Repo\VikOut\VikOut\VikOut\assets\jungle\PNG\bubble\9.png
  C:\Users\Windows 10\Documents\GitHub\Repo\VikOut\VikOut\VikOut\assets\jungle\PNG\bubble\bg.png
  C:\Users\Windows 10\Documents\GitHub\Repo\VikOut\VikOut\VikOut\assets\jungle\PNG\bubble\bgload.png
  C:\Users\Windows 10\Documents\GitHub\Repo\VikOut\VikOut\VikOut\assets\jungle\PNG\bubble\btn_1.png
  C:\Users\Windows 10\Documents\GitHub\Repo\VikOut\VikOut\VikOut\assets\jungle\PNG\bubble\clock.png
  C:\Users\Windows 10\Documents\GitHub\Repo\VikOut\VikOut\VikOut\assets\jungle\PNG\bubble\down.png
  C:\Users\Windows 10\Documents\GitHub\Repo\VikOut\VikOut\VikOut\assets\jungle\PNG\bubble\level.png
  C:\Users\Windows 10\Documents\GitHub\Repo\VikOut\VikOut\VikOut\assets\jungle\PNG\bubble\load.png
  C:\Users\Windows 10\Documents\GitHub\Repo\VikOut\VikOut\VikOut\assets\jungle\PNG\bubble\pause.png
  C:\Users\Windows 10\Documents\GitHub\Repo\VikOut\VikOut\VikOut\assets\jungle\PNG\bubble\star_1.png
  C:\Users\Windows 10\Documents\GitHub\Repo\VikOut\VikOut\VikOut\assets\jungle\PNG\bubble\star_2.png
  C:\Users\Windows 10\Documents\GitHub\Repo\VikOut\VikOut\VikOut\assets\jungle\PNG\bubble\star_3.png
  C:\Users\Windows 10\Documents\GitHub\Repo\VikOut\VikOut\VikOut\assets\jungle\PNG\bubble\table.png
  C:\Users\Windows 10\Documents\GitHub\Repo\VikOut\VikOut\VikOut\assets\jungle\PNG\bubble\up.png
  C:\Users\Windows 10\Documents\GitHub\Repo\VikOut\VikOut\VikOut\assets\jungle\PNG\game_sprites\BackGround.png
  C:\Users\Windows 10\Documents\GitHub\Repo\VikOut\VikOut\VikOut\assets\jungle\PNG\game_sprites\BackGround2.png
  C:\Users\Windows 10\Documents\GitHub\Repo\VikOut\VikOut\VikOut\assets\jungle\PNG\game_sprites\Ball.png
  C:\Users\Windows 10\Documents\GitHub\Repo\VikOut\VikOut\VikOut\assets\jungle\PNG\game_sprites\GameBackGround.png
  C:\Users\Windows 10\Documents\GitHub\Repo\VikOut\VikOut\VikOut\assets\jungle\PNG\game_sprites\heart.png
  C:\Users\Windows 10\Documents\GitHub\Repo\VikOut\VikOut\VikOut\assets\jungle\PNG\game_sprites\ico1.png
  C:\Users\Windows 10\Documents\GitHub\Repo\VikOut\VikOut\VikOut\assets\jungle\PNG\game_sprites\Pad.png
  C:\Users\Windows 10\Documents\GitHub\Repo\VikOut\VikOut\VikOut\assets\jungle\PNG\game_sprites\Rec.png
  C:\Users\Windows 10\Documents\GitHub\Repo\VikOut\VikOut\VikOut\assets\jungle\PNG\game_sprites\Rec2.png
  C:\Users\Windows 10\Documents\GitHub\Repo\VikOut\VikOut\VikOut\assets\jungle\PNG\game_sprites\Rec3.png
  C:\Users\Windows 10\Documents\GitHub\Repo\VikOut\VikOut\VikOut\assets\jungle\PNG\level_select\bg.png
  C:\Users\Windows 10\Documents\GitHub\Repo\VikOut\VikOut\VikOut\assets\jungle\PNG\level_select\close_2.png
  C:\Users\Windows 10\Documents\GitHub\Repo\VikOut\VikOut\VikOut\assets\jungle\PNG\level_select\dot_a.png
  C:\Users\Windows 10\Documents\GitHub\Repo\VikOut\VikOut\VikOut\assets\jungle\PNG\level_select\dot_d.png
  C:\Users\Windows 10\Documents\GitHub\Repo\VikOut\VikOut\VikOut\assets\jungle\PNG\level_select\header.png
  C:\Users\Windows 10\Documents\GitHub\Repo\VikOut\VikOut\VikOut\assets\jungle\PNG\level_select\lock.png
  C:\Users\Windows 10\Documents\GitHub\Repo\VikOut\VikOut\VikOut\assets\jungle\PNG\level_select\star_1.png
  C:\Users\Windows 10\Documents\GitHub\Repo\VikOut\VikOut\VikOut\assets\jungle\PNG\level_select\star_2.png
  C:\Users\Windows 10\Documents\GitHub\Repo\VikOut\VikOut\VikOut\assets\jungle\PNG\level_select\star_3.png
  C:\Users\Windows 10\Documents\GitHub\Repo\VikOut\VikOut\VikOut\assets\jungle\PNG\level_select\star_4.png
  C:\Users\Windows 10\Documents\GitHub\Repo\VikOut\VikOut\VikOut\assets\jungle\PNG\level_select\table.png
  C:\Users\Windows 10\Documents\GitHub\Repo\VikOut\VikOut\VikOut\assets\jungle\PNG\level_select\table2.png
  C:\Users\Windows 10\Documents\GitHub\Repo\VikOut\VikOut\VikOut\assets\jungle\PNG\load_bar\1.png
  C:\Users\Windows 10\Documents\GitHub\Repo\VikOut\VikOut\VikOut\assets\jungle\PNG\load_bar\2.png
  C:\Users\Windows 10\Documents\GitHub\Repo\VikOut\VikOut\VikOut\assets\jungle\PNG\load_bar\3.png
  C:\Users\Windows 10\Documents\GitHub\Repo\VikOut\VikOut\VikOut\assets\jungle\PNG\load_bar\bg.png
  C:\Users\Windows 10\Documents\GitHub\Repo\VikOut\VikOut\VikOut\assets\jungle\PNG\load_bar\text.png
  C:\Users\Windows 10\Documents\GitHub\Repo\VikOut\VikOut\VikOut\assets\jungle\PNG\match3\bgload.png
  C:\Users\Windows 10\Documents\GitHub\Repo\VikOut\VikOut\VikOut\assets\jungle\PNG\match3\down.png
  C:\Users\Windows 10\Documents\GitHub\Repo\VikOut\VikOut\VikOut\assets\jungle\PNG\match3\load.png
  C:\Users\Windows 10\Documents\GitHub\Repo\VikOut\VikOut\VikOut\assets\jungle\PNG\match3\moves.png
  C:\Users\Windows 10\Documents\GitHub\Repo\VikOut\VikOut\VikOut\assets\jungle\PNG\match3\pause.png
  C:\Users\Windows 10\Documents\GitHub\Repo\VikOut\VikOut\VikOut\assets\jungle\PNG\match3\star_1.png
  C:\Users\Windows 10\Documents\GitHub\Repo\VikOut\VikOut\VikOut\assets\jungle\PNG\match3\star_2.png
  C:\Users\Windows 10\Documents\GitHub\Repo\VikOut\VikOut\VikOut\assets\jungle\PNG\match3\star_3.png
  C:\Users\Windows 10\Documents\GitHub\Repo\VikOut\VikOut\VikOut\assets\jungle\PNG\match3\table_1.png
  C:\Users\Windows 10\Documents\GitHub\Repo\VikOut\VikOut\VikOut\assets\jungle\PNG\match3\table_2.png
  C:\Users\Windows 10\Documents\GitHub\Repo\VikOut\VikOut\VikOut\assets\jungle\PNG\match3\up.png
  C:\Users\Windows 10\Documents\GitHub\Repo\VikOut\VikOut\VikOut\assets\jungle\PNG\menu\about.png
  C:\Users\Windows 10\Documents\GitHub\Repo\VikOut\VikOut\VikOut\assets\jungle\PNG\menu\Autor_Leaf.png
  C:\Users\Windows 10\Documents\GitHub\Repo\VikOut\VikOut\VikOut\assets\jungle\PNG\menu\BackGround.png
  C:\Users\Windows 10\Documents\GitHub\Repo\VikOut\VikOut\VikOut\assets\jungle\PNG\menu\bg.png
  C:\Users\Windows 10\Documents\GitHub\Repo\VikOut\VikOut\VikOut\assets\jungle\PNG\menu\leader.png
  C:\Users\Windows 10\Documents\GitHub\Repo\VikOut\VikOut\VikOut\assets\jungle\PNG\menu\play.png
  C:\Users\Windows 10\Documents\GitHub\Repo\VikOut\VikOut\VikOut\assets\jungle\PNG\menu\setting.png
  C:\Users\Windows 10\Documents\GitHub\Repo\VikOut\VikOut\VikOut\assets\jungle\PNG\menu\Title.png
  C:\Users\Windows 10\Documents\GitHub\Repo\VikOut\VikOut\VikOut\assets\jungle\PNG\pause\bg.png
  C:\Users\Windows 10\Documents\GitHub\Repo\VikOut\VikOut\VikOut\assets\jungle\PNG\pause\header.png
  C:\Users\Windows 10\Documents\GitHub\Repo\VikOut\VikOut\VikOut\assets\jungle\PNG\pause\table.png
  C:\Users\Windows 10\Documents\GitHub\Repo\VikOut\VikOut\VikOut\assets\jungle\PNG\pause\text.png
  C:\Users\Windows 10\Documents\GitHub\Repo\VikOut\VikOut\VikOut\assets\jungle\PNG\rating\bg.png
  C:\Users\Windows 10\Documents\GitHub\Repo\VikOut\VikOut\VikOut\assets\jungle\PNG\rating\close_2.png
  C:\Users\Windows 10\Documents\GitHub\Repo\VikOut\VikOut\VikOut\assets\jungle\PNG\rating\scroll.png
  C:\Users\Windows 10\Documents\GitHub\Repo\VikOut\VikOut\VikOut\assets\jungle\PNG\rating\table.png
  C:\Users\Windows 10\Documents\GitHub\Repo\VikOut\VikOut\VikOut\assets\jungle\PNG\settings\92.png
  C:\Users\Windows 10\Documents\GitHub\Repo\VikOut\VikOut\VikOut\assets\jungle\PNG\settings\93.png
  C:\Users\Windows 10\Documents\GitHub\Repo\VikOut\VikOut\VikOut\assets\jungle\PNG\settings\94.png
  C:\Users\Windows 10\Documents\GitHub\Repo\VikOut\VikOut\VikOut\assets\jungle\PNG\settings\95.png
  C:\Users\Windows 10\Documents\GitHub\Repo\VikOut\VikOut\VikOut\assets\jungle\PNG\settings\96.png
  C:\Users\Windows 10\Documents\GitHub\Repo\VikOut\VikOut\VikOut\assets\jungle\PNG\settings\97.png
  C:\Users\Windows 10\Documents\GitHub\Repo\VikOut\VikOut\VikOut\assets\jungle\PNG\settings\98.png
  C:\Users\Windows 10\Documents\GitHub\Repo\VikOut\VikOut\VikOut\assets\jungle\PNG\settings\bg.png
  C:\Users\Windows 10\Documents\GitHub\Repo\VikOut\VikOut\VikOut\assets\jungle\PNG\settings\close_2.png
  C:\Users\Windows 10\Documents\GitHub\Repo\VikOut\VikOut\VikOut\assets\jungle\PNG\settings\table.png
  C:\Users\Windows 10\Documents\GitHub\Repo\VikOut\VikOut\VikOut\assets\jungle\PNG\upgrade\a.png
  C:\Users\Windows 10\Documents\GitHub\Repo\VikOut\VikOut\VikOut\assets\jungle\PNG\upgrade\b.png
  C:\Users\Windows 10\Documents\GitHub\Repo\VikOut\VikOut\VikOut\assets\jungle\PNG\upgrade\bg.png
  C:\Users\Windows 10\Documents\GitHub\Repo\VikOut\VikOut\VikOut\assets\jungle\PNG\upgrade\btn.png
  C:\Users\Windows 10\Documents\GitHub\Repo\VikOut\VikOut\VikOut\assets\jungle\PNG\upgrade\close_2.png
  C:\Users\Windows 10\Documents\GitHub\Repo\VikOut\VikOut\VikOut\assets\jungle\PNG\upgrade\dot.png
  C:\Users\Windows 10\Documents\GitHub\Repo\VikOut\VikOut\VikOut\assets\jungle\PNG\upgrade\heart.png
  C:\Users\Windows 10\Documents\GitHub\Repo\VikOut\VikOut\VikOut\assets\jungle\PNG\upgrade\luck.png
  C:\Users\Windows 10\Documents\GitHub\Repo\VikOut\VikOut\VikOut\assets\jungle\PNG\upgrade\scroll.png
  C:\Users\Windows 10\Documents\GitHub\Repo\VikOut\VikOut\VikOut\assets\jungle\PNG\upgrade\star.png
  C:\Users\Windows 10\Documents\GitHub\Repo\VikOut\VikOut\VikOut\assets\jungle\PNG\upgrade\table.png
  C:\Users\Windows 10\Documents\GitHub\Repo\VikOut\VikOut\VikOut\assets\jungle\PNG\upgrade\time.png
  C:\Users\Windows 10\Documents\GitHub\Repo\VikOut\VikOut\VikOut\assets\jungle\PNG\you_lose\bg.png
  C:\Users\Windows 10\Documents\GitHub\Repo\VikOut\VikOut\VikOut\assets\jungle\PNG\you_lose\header.png
  C:\Users\Windows 10\Documents\GitHub\Repo\VikOut\VikOut\VikOut\assets\jungle\PNG\you_lose\star_4.png
  C:\Users\Windows 10\Documents\GitHub\Repo\VikOut\VikOut\VikOut\assets\jungle\PNG\you_lose\table.png
  C:\Users\Windows 10\Documents\GitHub\Repo\VikOut\VikOut\VikOut\assets\jungle\PNG\you_win\bg.png
  C:\Users\Windows 10\Documents\GitHub\Repo\VikOut\VikOut\VikOut\assets\jungle\PNG\you_win\header.png
  C:\Users\Windows 10\Documents\GitHub\Repo\VikOut\VikOut\VikOut\assets\jungle\PNG\you_win\star_1.png
  C:\Users\Windows 10\Documents\GitHub\Repo\VikOut\VikOut\VikOut\assets\jungle\PNG\you_win\star_2.png
  C:\Users\Windows 10\Documents\GitHub\Repo\VikOut\VikOut\VikOut\assets\jungle\PNG\you_win\star_3.png
  C:\Users\Windows 10\Documents\GitHub\Repo\VikOut\VikOut\VikOut\assets\jungle\PNG\you_win\table.png
  C:\Users\Windows 10\Documents\GitHub\Repo\VikOut\VikOut\VikOut\assets\jungle\TXT\Header_UI_jungle.psd
  C:\Users\Windows 10\Documents\GitHub\Repo\VikOut\VikOut\VikOut\assets\jungle\TXT\license.txt
  C:\Users\Windows 10\Documents\GitHub\Repo\VikOut\VikOut\VikOut\assets\jungle\TXT\Logo_UI_jungle.psd
  C:\Users\Windows 10\Documents\GitHub\Repo\VikOut\VikOut\VikOut\assets\jungle\TXT\readme.txt
  163 archivo(s) copiado(s)
